2024-10-17T10:47:02.259+09:00  INFO 28216 --- [main] c.e.c.Chapter03testApplication           : Starting Chapter03testApplication using Java 21.0.4 with PID 28216 (C:\Users\tomok\workspace\assessment\SpringBoot\springbootchapter3assessmentanswer\bin\main started by tomok in C:\Users\tomok\workspace\assessment\SpringBoot\springbootchapter3assessmentanswer)
2024-10-17T10:47:02.272+09:00  INFO 28216 --- [main] c.e.c.Chapter03testApplication           : No active profile set, falling back to 1 default profile: "default"
2024-10-17T10:47:03.153+09:00  INFO 28216 --- [main] .s.d.r.c.RepositoryConfigurationDelegate : Bootstrapping Spring Data JPA repositories in DEFAULT mode.
2024-10-17T10:47:03.228+09:00  INFO 28216 --- [main] .s.d.r.c.RepositoryConfigurationDelegate : Finished Spring Data repository scanning in 65 ms. Found 2 JPA repository interfaces.
2024-10-17T10:47:03.860+09:00  INFO 28216 --- [main] o.s.b.w.embedded.tomcat.TomcatWebServer  : Tomcat initialized with port 8080 (http)
2024-10-17T10:47:03.874+09:00  INFO 28216 --- [main] o.apache.catalina.core.StandardService   : Starting service [Tomcat]
2024-10-17T10:47:03.875+09:00  INFO 28216 --- [main] o.apache.catalina.core.StandardEngine    : Starting Servlet engine: [Apache Tomcat/10.1.18]
2024-10-17T10:47:03.950+09:00  INFO 28216 --- [main] o.a.c.c.C.[Tomcat].[localhost].[/]       : Initializing Spring embedded WebApplicationContext
2024-10-17T10:47:03.950+09:00  INFO 28216 --- [main] w.s.c.ServletWebServerApplicationContext : Root WebApplicationContext: initialization completed in 1623 ms
2024-10-17T10:47:04.145+09:00  INFO 28216 --- [main] o.hibernate.jpa.internal.util.LogHelper  : HHH000204: Processing PersistenceUnitInfo [name: default]
2024-10-17T10:47:04.203+09:00  INFO 28216 --- [main] org.hibernate.Version                    : HHH000412: Hibernate ORM core version 6.4.1.Final
2024-10-17T10:47:04.235+09:00  INFO 28216 --- [main] o.h.c.internal.RegionFactoryInitiator    : HHH000026: Second-level cache disabled
2024-10-17T10:47:04.444+09:00  INFO 28216 --- [main] o.s.o.j.p.SpringPersistenceUnitInfo      : No LoadTimeWeaver setup: ignoring JPA class transformer
2024-10-17T10:47:04.475+09:00  INFO 28216 --- [main] com.zaxxer.hikari.HikariDataSource       : HikariPool-1 - Starting...
2024-10-17T10:47:04.653+09:00  INFO 28216 --- [main] com.zaxxer.hikari.pool.HikariPool        : HikariPool-1 - Added connection org.postgresql.jdbc.PgConnection@49c83262
2024-10-17T10:47:04.655+09:00  INFO 28216 --- [main] com.zaxxer.hikari.HikariDataSource       : HikariPool-1 - Start completed.
2024-10-17T10:47:05.418+09:00  INFO 28216 --- [main] o.h.e.t.j.p.i.JtaPlatformInitiator       : HHH000489: No JTA platform available (set 'hibernate.transaction.jta.platform' to enable JTA platform integration)
2024-10-17T10:47:05.469+09:00  INFO 28216 --- [main] j.LocalContainerEntityManagerFactoryBean : Initialized JPA EntityManagerFactory for persistence unit 'default'
2024-10-17T10:47:05.933+09:00  WARN 28216 --- [main] JpaBaseConfiguration$JpaWebConfiguration : spring.jpa.open-in-view is enabled by default. Therefore, database queries may be performed during view rendering. Explicitly configure spring.jpa.open-in-view to disable this warning
2024-10-17T10:47:06.289+09:00  INFO 28216 --- [main] o.s.s.web.DefaultSecurityFilterChain     : Will secure any request with [org.springframework.security.web.session.DisableEncodeUrlFilter@22b4ad0c, org.springframework.security.web.context.request.async.WebAsyncManagerIntegrationFilter@25af1dbf, org.springframework.security.web.context.SecurityContextHolderFilter@2b370ca9, org.springframework.security.web.header.HeaderWriterFilter@69ee0861, org.springframework.web.filter.CorsFilter@2cdcedef, org.springframework.security.web.csrf.CsrfFilter@7af2ee23, org.springframework.security.web.authentication.logout.LogoutFilter@5694f6a0, org.springframework.security.web.authentication.UsernamePasswordAuthenticationFilter@55ba4bff, org.springframework.security.web.authentication.ui.DefaultLoginPageGeneratingFilter@5bbf3869, org.springframework.security.web.authentication.ui.DefaultLogoutPageGeneratingFilter@43778d6d, org.springframework.security.web.savedrequest.RequestCacheAwareFilter@59301546, org.springframework.security.web.servletapi.SecurityContextHolderAwareRequestFilter@25fc2b8f, org.springframework.security.web.authentication.AnonymousAuthenticationFilter@44ac94c2, org.springframework.security.web.access.ExceptionTranslationFilter@207f7baa, org.springframework.security.web.access.intercept.AuthorizationFilter@634d56eb]
2024-10-17T10:47:06.587+09:00  INFO 28216 --- [main] o.s.b.w.embedded.tomcat.TomcatWebServer  : Tomcat started on port 8080 (http) with context path ''
2024-10-17T10:47:06.599+09:00  INFO 28216 --- [main] c.e.c.Chapter03testApplication           : Started Chapter03testApplication in 4.785 seconds (process running for 5.418)
